2023-07-07 13:03:40.699 [info] Reading sessions from keychain...
2023-07-07 13:03:40.699 [info] Getting sessions for all scopes...
2023-07-07 13:03:40.699 [info] Got 0 sessions for ...
2023-07-07 13:03:40.749 [info] Getting sessions for user:email...
2023-07-07 13:03:40.749 [info] Got 0 sessions for user:email...
2023-07-07 13:03:40.795 [info] Getting sessions for all scopes...
2023-07-07 13:03:40.795 [info] Got 0 sessions for ...
2023-07-07 13:03:40.821 [info] Getting sessions for all scopes...
2023-07-07 13:03:40.821 [info] Got 0 sessions for ...
2023-07-07 13:03:43.061 [info] Getting sessions for read:user...
2023-07-07 13:03:43.061 [info] Got 0 sessions for read:user...
2023-07-07 13:03:43.062 [info] Getting sessions for user:email...
2023-07-07 13:03:43.062 [info] Got 0 sessions for user:email...
2023-07-07 13:03:47.201 [info] Getting sessions for read:user...
2023-07-07 13:03:47.201 [info] Got 0 sessions for read:user...
2023-07-07 13:03:47.202 [info] Getting sessions for user:email...
2023-07-07 13:03:47.202 [info] Got 0 sessions for user:email...
2023-07-07 13:03:50.019 [info] Logging in for the following scopes: user:email
2023-07-07 13:03:50.020 [info] Trying without local server... (user:email)
2023-07-07 13:04:00.296 [info] Exchanging code for token...
2023-07-07 13:04:00.831 [info] Token exchange success!
2023-07-07 13:04:00.833 [info] Getting user info...
2023-07-07 13:04:01.253 [info] Got account info!
2023-07-07 13:04:01.254 [info] Storing 1 sessions...
2023-07-07 13:04:01.256 [info] Stored 1 sessions!
2023-07-07 13:04:01.256 [info] Login success!
2023-07-07 13:04:01.257 [info] Getting sessions for user:email...
2023-07-07 13:04:01.257 [info] Got 1 sessions for user:email...
2023-07-07 13:04:01.303 [info] Getting sessions for read:user...
2023-07-07 13:04:01.303 [info] Got 0 sessions for read:user...
2023-07-07 13:04:01.304 [info] Getting sessions for user:email...
2023-07-07 13:04:01.304 [info] Got 1 sessions for user:email...
