2023-07-07 14:48:56.369 [info] Log level: Info
2023-07-07 14:48:56.369 [info] Validating found git in: "git"
2023-07-07 14:48:56.369 [info] Using git "2.41.0" from "git"
2023-07-07 14:48:56.369 [info] > git rev-parse --show-toplevel [5ms]
2023-07-07 14:48:56.369 [info] > git rev-parse --show-toplevel [6ms]
2023-07-07 14:48:56.369 [info] > git rev-parse --show-toplevel [7ms]
2023-07-07 14:48:56.369 [info] > git rev-parse --show-toplevel [57ms]
2023-07-07 14:48:56.373 [info] > git rev-parse --show-toplevel [391ms]
2023-07-07 14:48:56.381 [info] > git rev-parse --show-toplevel [4ms]
2023-07-07 14:48:57.557 [info] > git rev-parse --show-toplevel [1ms]
2023-07-07 14:49:17.576 [info] > git rev-parse --show-toplevel [2ms]
2023-07-07 14:49:17.693 [info] > git rev-parse --show-toplevel [3ms]
2023-07-07 14:49:17.856 [info] > git rev-parse --show-toplevel [1ms]
2023-07-07 14:49:17.877 [info] > git rev-parse --show-toplevel [11ms]
2023-07-07 14:49:22.758 [info] > git rev-parse --show-toplevel [1ms]
2023-07-07 14:49:43.601 [info] Log level: Info
2023-07-07 14:49:43.601 [info] Validating found git in: "git"
2023-07-07 14:49:43.601 [info] Using git "2.41.0" from "git"
2023-07-07 14:49:43.601 [info] > git rev-parse --show-toplevel [20ms]
2023-07-07 14:49:43.601 [info] > git rev-parse --git-dir --git-common-dir [5ms]
2023-07-07 14:49:43.601 [info] Open repository: /home/laxa/repo/laxamore/myconfig
2023-07-07 14:49:43.605 [info] > git rev-parse --show-toplevel [9ms]
2023-07-07 14:49:43.610 [info] > git rev-parse --show-toplevel [1ms]
2023-07-07 14:49:43.614 [info] > git config --get commit.template [9ms]
2023-07-07 14:49:43.619 [info] > git rev-parse --show-toplevel [5ms]
2023-07-07 14:49:43.626 [info] > git for-each-ref --format=%(refname)%00%(upstream:short)%00%(objectname)%00%(upstream:track)%00%(upstream:remotename)%00%(upstream:remoteref) refs/heads/master refs/remotes/master [1ms]
2023-07-07 14:49:43.701 [info] > git status -z -uall [71ms]
2023-07-07 14:49:44.246 [info] > git check-ignore -v -z --stdin [11ms]
2023-07-07 14:49:44.247 [info] > git config --get commit.template [77ms]
2023-07-07 14:49:44.255 [info] > git for-each-ref --format=%(refname)%00%(upstream:short)%00%(objectname)%00%(upstream:track)%00%(upstream:remotename)%00%(upstream:remoteref) refs/heads/master refs/remotes/master [1ms]
2023-07-07 14:49:44.262 [info] > git status -z -uall [4ms]
2023-07-07 14:49:44.756 [info] > git check-ignore -v -z --stdin [2ms]
2023-07-07 14:49:48.458 [info] > git show --textconv :dotfiles/xfce/README.md [4ms]
2023-07-07 14:49:48.462 [info] > git ls-files --stage -- /home/laxa/repo/laxamore/myconfig/dotfiles/xfce/README.md [4ms]
2023-07-07 14:49:48.469 [info] > git cat-file -s 0f89cbd7f710ffe7c86417daccf6488bd2ce8131 [4ms]
2023-07-07 14:49:49.286 [info] > git check-ignore -v -z --stdin [0ms]
2023-07-07 14:50:08.660 [info] > git check-ignore -v -z --stdin [1ms]
2023-07-07 14:50:14.949 [info] > git check-ignore -v -z --stdin [12ms]
