2023-07-07 14:48:55.901 [info] Reading sessions from keychain...
2023-07-07 14:48:55.901 [info] Getting sessions for all scopes...
2023-07-07 14:48:55.901 [info] Got stored sessions!
2023-07-07 14:48:55.901 [info] Got 1 verified sessions.
2023-07-07 14:48:55.901 [info] Got 1 sessions for ...
2023-07-07 14:48:55.901 [info] Getting sessions for user:email...
2023-07-07 14:48:55.901 [info] Got 1 sessions for user:email...
2023-07-07 14:48:55.901 [info] Getting sessions for all scopes...
2023-07-07 14:48:55.901 [info] Got 1 sessions for ...
2023-07-07 14:48:56.368 [info] Getting sessions for all scopes...
2023-07-07 14:48:56.369 [info] Got 1 sessions for ...
2023-07-07 14:48:56.395 [info] Getting sessions for read:user...
2023-07-07 14:48:56.395 [info] Got 0 sessions for read:user...
2023-07-07 14:48:56.396 [info] Getting sessions for user:email...
2023-07-07 14:48:56.396 [info] Got 1 sessions for user:email...
2023-07-07 14:49:17.809 [info] Getting sessions for all scopes...
2023-07-07 14:49:17.809 [info] Got 1 sessions for ...
2023-07-07 14:49:17.893 [info] Getting sessions for read:user,repo,user:email...
2023-07-07 14:49:17.893 [info] Got 0 sessions for read:user,repo,user:email...
2023-07-07 14:49:44.245 [info] Reading sessions from keychain...
2023-07-07 14:49:44.245 [info] Getting sessions for all scopes...
2023-07-07 14:49:44.245 [info] Getting sessions for read:user,repo,user:email...
2023-07-07 14:49:44.245 [info] Got stored sessions!
2023-07-07 14:49:44.245 [info] Got 1 verified sessions.
2023-07-07 14:49:44.245 [info] Got 1 sessions for ...
2023-07-07 14:49:44.245 [info] Got 0 sessions for read:user,repo,user:email...
2023-07-07 14:49:44.245 [info] Getting sessions for all scopes...
2023-07-07 14:49:44.245 [info] Got 1 sessions for ...
2023-07-07 14:49:44.245 [info] Getting sessions for user:email...
2023-07-07 14:49:44.245 [info] Got 1 sessions for user:email...
2023-07-07 14:49:44.313 [info] Getting sessions for read:user...
2023-07-07 14:49:44.313 [info] Got 0 sessions for read:user...
2023-07-07 14:49:44.330 [info] Getting sessions for user:email...
2023-07-07 14:49:44.330 [info] Got 1 sessions for user:email...
2023-07-07 14:49:44.334 [info] Getting sessions for all scopes...
2023-07-07 14:49:44.334 [info] Got 1 sessions for ...
