2023-07-07 14:48:55.140 [info] Added views:workbench.panel.markers.view in workbench.panel.markers
2023-07-07 14:48:55.141 [info] Added views:workbench.panel.output in workbench.panel.output
2023-07-07 14:48:55.141 [info] Added views:terminal in terminal
2023-07-07 14:48:55.141 [info] Added views:outline in workbench.view.explorer
2023-07-07 14:48:55.141 [info] Added views:workbench.scm in workbench.view.scm
2023-07-07 14:48:55.141 [info] Added views:workbench.view.search in workbench.view.search
2023-07-07 14:48:55.141 [info] Added views:timeline in workbench.view.explorer
2023-07-07 14:48:55.141 [info] Added views:workbench.explorer.fileView in workbench.view.explorer
2023-07-07 14:48:55.231 [info] Added views:workbench.debug.welcome in workbench.view.debug
2023-07-07 14:48:55.456 [info] Added views:workbench.panel.repl.view in workbench.panel.repl
2023-07-07 14:49:06.378 [info] Added views:workbench.views.extensions.installed,workbench.views.extensions.popular,extensions.recommendedList in workbench.view.extensions
2023-07-07 14:49:06.381 [info] Removed views:workbench.views.extensions.popular from workbench.view.extensions
2023-07-07 14:49:08.947 [info] Removed views:extensions.recommendedList,workbench.views.extensions.installed from workbench.view.extensions
2023-07-07 14:49:08.959 [info] Added views:workbench.views.extensions.marketplace in workbench.view.extensions
2023-07-07 14:49:17.597 [info] Added views:gitlens.views.home,gitlens.views.workspaces,gitlens.views.account in workbench.view.extension.gitlens
2023-07-07 14:49:17.598 [info] Added views:gitlens.views.commitDetails,gitlens.views.lineHistory,gitlens.views.fileHistory,gitlens.views.searchAndCompare in workbench.view.extension.gitlensInspect
2023-07-07 14:49:17.611 [info] Added views:gitlens.views.commits,gitlens.views.branches,gitlens.views.remotes,gitlens.views.stashes,gitlens.views.tags,gitlens.views.contributors in workbench.view.scm
2023-07-07 14:49:19.146 [info] Added views:gitlens.views.graph,gitlens.views.graphDetails in workbench.view.extension.gitlensPanel
2023-07-07 14:49:19.147 [info] Added views:gitlens.views.timeline in workbench.view.extension.gitlensInspect
2023-07-07 14:49:19.155 [info] Added views:gitlens.views.worktrees in workbench.view.scm
2023-07-07 14:49:43.037 [info] Added views:workbench.panel.markers.view in workbench.panel.markers
2023-07-07 14:49:43.037 [info] Added views:workbench.panel.output in workbench.panel.output
2023-07-07 14:49:43.037 [info] Added views:terminal in terminal
2023-07-07 14:49:43.037 [info] Added views:outline in workbench.view.explorer
2023-07-07 14:49:43.037 [info] Added views:workbench.scm in workbench.view.scm
2023-07-07 14:49:43.037 [info] Added views:workbench.view.search in workbench.view.search
2023-07-07 14:49:43.037 [info] Added views:timeline in workbench.view.explorer
2023-07-07 14:49:43.037 [info] Added views:workbench.explorer.fileView in workbench.view.explorer
2023-07-07 14:49:43.273 [info] Added views:gitlens.views.home,gitlens.views.workspaces,gitlens.views.account in workbench.view.extension.gitlens
2023-07-07 14:49:43.274 [info] Added views:gitlens.views.commitDetails,gitlens.views.lineHistory,gitlens.views.fileHistory,gitlens.views.searchAndCompare in workbench.view.extension.gitlensInspect
2023-07-07 14:49:43.295 [info] Added views:gitlens.views.commits,gitlens.views.branches,gitlens.views.remotes,gitlens.views.stashes,gitlens.views.tags,gitlens.views.contributors in workbench.view.scm
2023-07-07 14:49:43.362 [info] Added views:workbench.debug.welcome in workbench.view.debug
2023-07-07 14:49:43.381 [info] Added views:workbench.panel.repl.view in workbench.panel.repl
2023-07-07 14:49:44.313 [info] Added views:gitlens.views.graph,gitlens.views.graphDetails in workbench.view.extension.gitlensPanel
2023-07-07 14:49:44.314 [info] Added views:gitlens.views.timeline in workbench.view.extension.gitlensInspect
2023-07-07 14:49:44.320 [info] Added views:gitlens.views.worktrees in workbench.view.scm
