2023-07-07 13:27:09.180 [info] Reading sessions from keychain...
2023-07-07 13:27:09.180 [info] Getting sessions for all scopes...
2023-07-07 13:27:09.181 [info] Getting sessions for user:email...
2023-07-07 13:27:09.181 [info] Got stored sessions!
2023-07-07 13:27:09.182 [info] Got 1 verified sessions.
2023-07-07 13:27:09.182 [info] Got 1 sessions for ...
2023-07-07 13:27:09.182 [info] Got 1 sessions for user:email...
2023-07-07 13:27:09.216 [info] Getting sessions for all scopes...
2023-07-07 13:27:09.216 [info] Got 1 sessions for ...
2023-07-07 13:27:09.841 [info] Getting sessions for read:user...
2023-07-07 13:27:09.841 [info] Got 0 sessions for read:user...
2023-07-07 13:27:09.841 [info] Getting sessions for user:email...
2023-07-07 13:27:09.841 [info] Got 1 sessions for user:email...
2023-07-07 13:52:10.389 [info] Getting sessions for read:user...
2023-07-07 13:52:10.390 [info] Got 0 sessions for read:user...
2023-07-07 13:52:10.390 [info] Getting sessions for user:email...
2023-07-07 13:52:10.390 [info] Got 1 sessions for user:email...
2023-07-07 14:17:10.880 [info] Getting sessions for read:user...
2023-07-07 14:17:10.880 [info] Got 0 sessions for read:user...
2023-07-07 14:17:10.880 [info] Getting sessions for user:email...
2023-07-07 14:17:10.880 [info] Got 1 sessions for user:email...
